<?xml version="1.0" encoding="UTF-8"?>
<testsuite xmlns:xsi="http://www.w3.org/2001/XMLSchema-instance" xsi:noNamespaceSchemaLocation="https://maven.apache.org/surefire/maven-surefire-plugin/xsd/surefire-test-report.xsd" name="com.njupt.admin.dto.PasswordHelperTest" time="10.326" tests="1" errors="0" skipped="0" failures="0">
  <properties>
    <property name="sun.desktop" value="windows"/>
    <property name="awt.toolkit" value="sun.awt.windows.WToolkit"/>
    <property name="file.encoding.pkg" value="sun.io"/>
    <property name="java.specification.version" value="1.8"/>
    <property name="sun.cpu.isalist" value="amd64"/>
    <property name="sun.jnu.encoding" value="GBK"/>
    <property name="java.class.path" value="F:\IdeaProjects\blog\target\test-classes;F:\IdeaProjects\blog\target\classes;G:\ideaMaven\MavenRepository\org\springframework\boot\spring-boot-starter-web\2.1.3.RELEASE\spring-boot-starter-web-2.1.3.RELEASE.jar;G:\ideaMaven\MavenRepository\org\springframework\boot\spring-boot-starter-json\2.1.3.RELEASE\spring-boot-starter-json-2.1.3.RELEASE.jar;G:\ideaMaven\MavenRepository\com\fasterxml\jackson\core\jackson-databind\2.9.8\jackson-databind-2.9.8.jar;G:\ideaMaven\MavenRepository\com\fasterxml\jackson\core\jackson-core\2.9.8\jackson-core-2.9.8.jar;G:\ideaMaven\MavenRepository\com\fasterxml\jackson\datatype\jackson-datatype-jdk8\2.9.8\jackson-datatype-jdk8-2.9.8.jar;G:\ideaMaven\MavenRepository\com\fasterxml\jackson\datatype\jackson-datatype-jsr310\2.9.8\jackson-datatype-jsr310-2.9.8.jar;G:\ideaMaven\MavenRepository\com\fasterxml\jackson\module\jackson-module-parameter-names\2.9.8\jackson-module-parameter-names-2.9.8.jar;G:\ideaMaven\MavenRepository\org\springframework\boot\spring-boot-starter-tomcat\2.1.3.RELEASE\spring-boot-starter-tomcat-2.1.3.RELEASE.jar;G:\ideaMaven\MavenRepository\org\apache\tomcat\embed\tomcat-embed-core\9.0.16\tomcat-embed-core-9.0.16.jar;G:\ideaMaven\MavenRepository\org\apache\tomcat\embed\tomcat-embed-el\9.0.16\tomcat-embed-el-9.0.16.jar;G:\ideaMaven\MavenRepository\org\apache\tomcat\embed\tomcat-embed-websocket\9.0.16\tomcat-embed-websocket-9.0.16.jar;G:\ideaMaven\MavenRepository\org\hibernate\validator\hibernate-validator\6.0.14.Final\hibernate-validator-6.0.14.Final.jar;G:\ideaMaven\MavenRepository\javax\validation\validation-api\2.0.1.Final\validation-api-2.0.1.Final.jar;G:\ideaMaven\MavenRepository\org\jboss\logging\jboss-logging\3.3.2.Final\jboss-logging-3.3.2.Final.jar;G:\ideaMaven\MavenRepository\org\springframework\spring-web\5.1.5.RELEASE\spring-web-5.1.5.RELEASE.jar;G:\ideaMaven\MavenRepository\org\springframework\spring-beans\5.1.5.RELEASE\spring-beans-5.1.5.RELEASE.jar;G:\ideaMaven\MavenRepository\org\springframework\spring-webmvc\5.1.5.RELEASE\spring-webmvc-5.1.5.RELEASE.jar;G:\ideaMaven\MavenRepository\org\springframework\spring-context\5.1.5.RELEASE\spring-context-5.1.5.RELEASE.jar;G:\ideaMaven\MavenRepository\org\springframework\spring-expression\5.1.5.RELEASE\spring-expression-5.1.5.RELEASE.jar;G:\ideaMaven\MavenRepository\org\springframework\boot\spring-boot-starter-jdbc\2.1.3.RELEASE\spring-boot-starter-jdbc-2.1.3.RELEASE.jar;G:\ideaMaven\MavenRepository\com\zaxxer\HikariCP\3.2.0\HikariCP-3.2.0.jar;G:\ideaMaven\MavenRepository\org\springframework\spring-jdbc\5.1.5.RELEASE\spring-jdbc-5.1.5.RELEASE.jar;G:\ideaMaven\MavenRepository\org\springframework\spring-tx\5.1.5.RELEASE\spring-tx-5.1.5.RELEASE.jar;G:\ideaMaven\MavenRepository\org\springframework\boot\spring-boot-starter\2.1.3.RELEASE\spring-boot-starter-2.1.3.RELEASE.jar;G:\ideaMaven\MavenRepository\org\springframework\boot\spring-boot\2.1.3.RELEASE\spring-boot-2.1.3.RELEASE.jar;G:\ideaMaven\MavenRepository\org\springframework\boot\spring-boot-autoconfigure\2.1.3.RELEASE\spring-boot-autoconfigure-2.1.3.RELEASE.jar;G:\ideaMaven\MavenRepository\org\springframework\boot\spring-boot-starter-logging\2.1.3.RELEASE\spring-boot-starter-logging-2.1.3.RELEASE.jar;G:\ideaMaven\MavenRepository\ch\qos\logback\logback-classic\1.2.3\logback-classic-1.2.3.jar;G:\ideaMaven\MavenRepository\ch\qos\logback\logback-core\1.2.3\logback-core-1.2.3.jar;G:\ideaMaven\MavenRepository\org\apache\logging\log4j\log4j-to-slf4j\2.11.2\log4j-to-slf4j-2.11.2.jar;G:\ideaMaven\MavenRepository\org\apache\logging\log4j\log4j-api\2.11.2\log4j-api-2.11.2.jar;G:\ideaMaven\MavenRepository\org\slf4j\jul-to-slf4j\1.7.25\jul-to-slf4j-1.7.25.jar;G:\ideaMaven\MavenRepository\javax\annotation\javax.annotation-api\1.3.2\javax.annotation-api-1.3.2.jar;G:\ideaMaven\MavenRepository\org\springframework\spring-core\5.1.5.RELEASE\spring-core-5.1.5.RELEASE.jar;G:\ideaMaven\MavenRepository\org\springframework\spring-jcl\5.1.5.RELEASE\spring-jcl-5.1.5.RELEASE.jar;G:\ideaMaven\MavenRepository\org\yaml\snakeyaml\1.23\snakeyaml-1.23.jar;G:\ideaMaven\MavenRepository\org\springframework\boot\spring-boot-starter-test\2.1.3.RELEASE\spring-boot-starter-test-2.1.3.RELEASE.jar;G:\ideaMaven\MavenRepository\org\springframework\boot\spring-boot-test\2.1.3.RELEASE\spring-boot-test-2.1.3.RELEASE.jar;G:\ideaMaven\MavenRepository\org\springframework\boot\spring-boot-test-autoconfigure\2.1.3.RELEASE\spring-boot-test-autoconfigure-2.1.3.RELEASE.jar;G:\ideaMaven\MavenRepository\com\jayway\jsonpath\json-path\2.4.0\json-path-2.4.0.jar;G:\ideaMaven\MavenRepository\net\minidev\json-smart\2.3\json-smart-2.3.jar;G:\ideaMaven\MavenRepository\net\minidev\accessors-smart\1.2\accessors-smart-1.2.jar;G:\ideaMaven\MavenRepository\org\ow2\asm\asm\5.0.4\asm-5.0.4.jar;G:\ideaMaven\MavenRepository\junit\junit\4.12\junit-4.12.jar;G:\ideaMaven\MavenRepository\org\assertj\assertj-core\3.11.1\assertj-core-3.11.1.jar;G:\ideaMaven\MavenRepository\org\mockito\mockito-core\2.23.4\mockito-core-2.23.4.jar;G:\ideaMaven\MavenRepository\net\bytebuddy\byte-buddy\1.9.10\byte-buddy-1.9.10.jar;G:\ideaMaven\MavenRepository\net\bytebuddy\byte-buddy-agent\1.9.10\byte-buddy-agent-1.9.10.jar;G:\ideaMaven\MavenRepository\org\objenesis\objenesis\2.6\objenesis-2.6.jar;G:\ideaMaven\MavenRepository\org\hamcrest\hamcrest-core\1.3\hamcrest-core-1.3.jar;G:\ideaMaven\MavenRepository\org\hamcrest\hamcrest-library\1.3\hamcrest-library-1.3.jar;G:\ideaMaven\MavenRepository\org\skyscreamer\jsonassert\1.5.0\jsonassert-1.5.0.jar;G:\ideaMaven\MavenRepository\com\vaadin\external\google\android-json\0.0.20131108.vaadin1\android-json-0.0.20131108.vaadin1.jar;G:\ideaMaven\MavenRepository\org\springframework\spring-test\5.1.5.RELEASE\spring-test-5.1.5.RELEASE.jar;G:\ideaMaven\MavenRepository\org\xmlunit\xmlunit-core\2.6.2\xmlunit-core-2.6.2.jar;G:\ideaMaven\MavenRepository\org\springframework\boot\spring-boot-starter-thymeleaf\2.1.3.RELEASE\spring-boot-starter-thymeleaf-2.1.3.RELEASE.jar;G:\ideaMaven\MavenRepository\org\thymeleaf\thymeleaf-spring5\3.0.11.RELEASE\thymeleaf-spring5-3.0.11.RELEASE.jar;G:\ideaMaven\MavenRepository\org\thymeleaf\thymeleaf\3.0.11.RELEASE\thymeleaf-3.0.11.RELEASE.jar;G:\ideaMaven\MavenRepository\org\attoparser\attoparser\2.0.5.RELEASE\attoparser-2.0.5.RELEASE.jar;G:\ideaMaven\MavenRepository\org\unbescape\unbescape\1.1.6.RELEASE\unbescape-1.1.6.RELEASE.jar;G:\ideaMaven\MavenRepository\org\thymeleaf\extras\thymeleaf-extras-java8time\3.0.3.RELEASE\thymeleaf-extras-java8time-3.0.3.RELEASE.jar;G:\ideaMaven\MavenRepository\org\projectlombok\lombok\1.18.6\lombok-1.18.6.jar;G:\ideaMaven\MavenRepository\javax\servlet\javax.servlet-api\4.0.1\javax.servlet-api-4.0.1.jar;G:\ideaMaven\MavenRepository\org\springframework\boot\spring-boot-starter-aop\2.1.3.RELEASE\spring-boot-starter-aop-2.1.3.RELEASE.jar;G:\ideaMaven\MavenRepository\org\springframework\spring-aop\5.1.5.RELEASE\spring-aop-5.1.5.RELEASE.jar;G:\ideaMaven\MavenRepository\org\aspectj\aspectjweaver\1.9.2\aspectjweaver-1.9.2.jar;G:\ideaMaven\MavenRepository\mysql\mysql-connector-java\8.0.15\mysql-connector-java-8.0.15.jar;G:\ideaMaven\MavenRepository\org\mybatis\spring\boot\mybatis-spring-boot-starter\2.1.0\mybatis-spring-boot-starter-2.1.0.jar;G:\ideaMaven\MavenRepository\org\mybatis\spring\boot\mybatis-spring-boot-autoconfigure\2.1.0\mybatis-spring-boot-autoconfigure-2.1.0.jar;G:\ideaMaven\MavenRepository\org\mybatis\mybatis\3.5.2\mybatis-3.5.2.jar;G:\ideaMaven\MavenRepository\org\mybatis\mybatis-spring\2.0.2\mybatis-spring-2.0.2.jar;G:\ideaMaven\MavenRepository\com\baomidou\mybatis-plus-boot-starter\3.2.0\mybatis-plus-boot-starter-3.2.0.jar;G:\ideaMaven\MavenRepository\com\baomidou\mybatis-plus\3.2.0\mybatis-plus-3.2.0.jar;G:\ideaMaven\MavenRepository\com\baomidou\mybatis-plus-extension\3.2.0\mybatis-plus-extension-3.2.0.jar;G:\ideaMaven\MavenRepository\com\baomidou\mybatis-plus-core\3.2.0\mybatis-plus-core-3.2.0.jar;G:\ideaMaven\MavenRepository\com\baomidou\mybatis-plus-annotation\3.2.0\mybatis-plus-annotation-3.2.0.jar;G:\ideaMaven\MavenRepository\com\github\jsqlparser\jsqlparser\2.1\jsqlparser-2.1.jar;G:\ideaMaven\MavenRepository\org\apache\shiro\shiro-spring\1.3.2\shiro-spring-1.3.2.jar;G:\ideaMaven\MavenRepository\org\apache\shiro\shiro-core\1.3.2\shiro-core-1.3.2.jar;G:\ideaMaven\MavenRepository\commons-beanutils\commons-beanutils\1.8.3\commons-beanutils-1.8.3.jar;G:\ideaMaven\MavenRepository\org\apache\shiro\shiro-web\1.3.2\shiro-web-1.3.2.jar;G:\ideaMaven\MavenRepository\org\apache\shiro\shiro-ehcache\1.4.0\shiro-ehcache-1.4.0.jar;G:\ideaMaven\MavenRepository\org\apache\shiro\shiro-cache\1.4.0\shiro-cache-1.4.0.jar;G:\ideaMaven\MavenRepository\org\apache\shiro\shiro-lang\1.4.0\shiro-lang-1.4.0.jar;G:\ideaMaven\MavenRepository\net\sf\ehcache\ehcache-core\2.6.11\ehcache-core-2.6.11.jar;G:\ideaMaven\MavenRepository\org\springframework\spring-aspects\5.0.7.RELEASE\spring-aspects-5.0.7.RELEASE.jar;G:\ideaMaven\MavenRepository\com\alibaba\fastjson\1.2.46\fastjson-1.2.46.jar;G:\ideaMaven\MavenRepository\org\apache\commons\commons-lang3\3.8.1\commons-lang3-3.8.1.jar;G:\ideaMaven\MavenRepository\commons-fileupload\commons-fileupload\1.3.3\commons-fileupload-1.3.3.jar;G:\ideaMaven\MavenRepository\commons-io\commons-io\2.2\commons-io-2.2.jar;G:\ideaMaven\MavenRepository\org\jsoup\jsoup\1.12.1\jsoup-1.12.1.jar;G:\ideaMaven\MavenRepository\org\apache\poi\poi\3.17\poi-3.17.jar;G:\ideaMaven\MavenRepository\commons-codec\commons-codec\1.11\commons-codec-1.11.jar;G:\ideaMaven\MavenRepository\org\apache\commons\commons-collections4\4.1\commons-collections4-4.1.jar;G:\ideaMaven\MavenRepository\org\apache\poi\poi-ooxml-schemas\3.17\poi-ooxml-schemas-3.17.jar;G:\ideaMaven\MavenRepository\org\apache\xmlbeans\xmlbeans\2.6.0\xmlbeans-2.6.0.jar;G:\ideaMaven\MavenRepository\stax\stax-api\1.0.1\stax-api-1.0.1.jar;G:\ideaMaven\MavenRepository\org\apache\poi\poi-ooxml\3.17\poi-ooxml-3.17.jar;G:\ideaMaven\MavenRepository\com\github\virtuald\curvesapi\1.04\curvesapi-1.04.jar;G:\ideaMaven\MavenRepository\cn\hutool\hutool-all\4.6.3\hutool-all-4.6.3.jar;G:\ideaMaven\MavenRepository\io\springfox\springfox-swagger2\2.9.2\springfox-swagger2-2.9.2.jar;G:\ideaMaven\MavenRepository\io\springfox\springfox-spi\2.9.2\springfox-spi-2.9.2.jar;G:\ideaMaven\MavenRepository\io\springfox\springfox-core\2.9.2\springfox-core-2.9.2.jar;G:\ideaMaven\MavenRepository\io\springfox\springfox-schema\2.9.2\springfox-schema-2.9.2.jar;G:\ideaMaven\MavenRepository\io\springfox\springfox-swagger-common\2.9.2\springfox-swagger-common-2.9.2.jar;G:\ideaMaven\MavenRepository\io\springfox\springfox-spring-web\2.9.2\springfox-spring-web-2.9.2.jar;G:\ideaMaven\MavenRepository\com\google\guava\guava\20.0\guava-20.0.jar;G:\ideaMaven\MavenRepository\com\fasterxml\classmate\1.4.0\classmate-1.4.0.jar;G:\ideaMaven\MavenRepository\org\slf4j\slf4j-api\1.7.25\slf4j-api-1.7.25.jar;G:\ideaMaven\MavenRepository\org\springframework\plugin\spring-plugin-core\1.2.0.RELEASE\spring-plugin-core-1.2.0.RELEASE.jar;G:\ideaMaven\MavenRepository\org\springframework\plugin\spring-plugin-metadata\1.2.0.RELEASE\spring-plugin-metadata-1.2.0.RELEASE.jar;G:\ideaMaven\MavenRepository\org\mapstruct\mapstruct\1.2.0.Final\mapstruct-1.2.0.Final.jar;G:\ideaMaven\MavenRepository\io\springfox\springfox-swagger-ui\2.9.2\springfox-swagger-ui-2.9.2.jar;G:\ideaMaven\MavenRepository\io\swagger\swagger-annotations\1.5.21\swagger-annotations-1.5.21.jar;G:\ideaMaven\MavenRepository\io\swagger\swagger-models\1.5.21\swagger-models-1.5.21.jar;G:\ideaMaven\MavenRepository\com\fasterxml\jackson\core\jackson-annotations\2.9.0\jackson-annotations-2.9.0.jar;G:\ideaMaven\MavenRepository\com\qiniu\qiniu-java-sdk\7.2.17\qiniu-java-sdk-7.2.17.jar;G:\ideaMaven\MavenRepository\com\squareup\okhttp3\okhttp\3.9.1\okhttp-3.9.1.jar;G:\ideaMaven\MavenRepository\com\squareup\okio\okio\1.13.0\okio-1.13.0.jar;G:\ideaMaven\MavenRepository\com\google\code\gson\gson\2.8.5\gson-2.8.5.jar;G:\ideaMaven\MavenRepository\org\lionsoul\ip2region\1.7.2\ip2region-1.7.2.jar;G:\ideaMaven\MavenRepository\eu\bitwalker\UserAgentUtils\1.21\UserAgentUtils-1.21.jar;G:\ideaMaven\MavenRepository\org\springframework\boot\spring-boot-devtools\2.1.3.RELEASE\spring-boot-devtools-2.1.3.RELEASE.jar;"/>
    <property name="java.vm.vendor" value="Oracle Corporation"/>
    <property name="sun.arch.data.model" value="64"/>
    <property name="user.variant" value=""/>
    <property name="java.vendor.url" value="http://java.oracle.com/"/>
    <property name="user.timezone" value="Asia/Shanghai"/>
    <property name="java.vm.specification.version" value="1.8"/>
    <property name="os.name" value="Windows 10"/>
    <property name="user.country" value="CN"/>
    <property name="sun.java.launcher" value="SUN_STANDARD"/>
    <property name="sun.boot.library.path" value="G:\Java\jdk1.8.0_60\jre\bin"/>
    <property name="sun.java.command" value="C:\Users\Lxl\AppData\Local\Temp\surefire7059298156486138741\surefirebooter5752628558661936259.jar C:\Users\Lxl\AppData\Local\Temp\surefire7059298156486138741 2020-06-08T21-47-57_070-jvmRun1 surefire1453266230790985689tmp surefire_02170967039448562269tmp"/>
    <property name="surefire.test.class.path" value="F:\IdeaProjects\blog\target\test-classes;F:\IdeaProjects\blog\target\classes;G:\ideaMaven\MavenRepository\org\springframework\boot\spring-boot-starter-web\2.1.3.RELEASE\spring-boot-starter-web-2.1.3.RELEASE.jar;G:\ideaMaven\MavenRepository\org\springframework\boot\spring-boot-starter-json\2.1.3.RELEASE\spring-boot-starter-json-2.1.3.RELEASE.jar;G:\ideaMaven\MavenRepository\com\fasterxml\jackson\core\jackson-databind\2.9.8\jackson-databind-2.9.8.jar;G:\ideaMaven\MavenRepository\com\fasterxml\jackson\core\jackson-core\2.9.8\jackson-core-2.9.8.jar;G:\ideaMaven\MavenRepository\com\fasterxml\jackson\datatype\jackson-datatype-jdk8\2.9.8\jackson-datatype-jdk8-2.9.8.jar;G:\ideaMaven\MavenRepository\com\fasterxml\jackson\datatype\jackson-datatype-jsr310\2.9.8\jackson-datatype-jsr310-2.9.8.jar;G:\ideaMaven\MavenRepository\com\fasterxml\jackson\module\jackson-module-parameter-names\2.9.8\jackson-module-parameter-names-2.9.8.jar;G:\ideaMaven\MavenRepository\org\springframework\boot\spring-boot-starter-tomcat\2.1.3.RELEASE\spring-boot-starter-tomcat-2.1.3.RELEASE.jar;G:\ideaMaven\MavenRepository\org\apache\tomcat\embed\tomcat-embed-core\9.0.16\tomcat-embed-core-9.0.16.jar;G:\ideaMaven\MavenRepository\org\apache\tomcat\embed\tomcat-embed-el\9.0.16\tomcat-embed-el-9.0.16.jar;G:\ideaMaven\MavenRepository\org\apache\tomcat\embed\tomcat-embed-websocket\9.0.16\tomcat-embed-websocket-9.0.16.jar;G:\ideaMaven\MavenRepository\org\hibernate\validator\hibernate-validator\6.0.14.Final\hibernate-validator-6.0.14.Final.jar;G:\ideaMaven\MavenRepository\javax\validation\validation-api\2.0.1.Final\validation-api-2.0.1.Final.jar;G:\ideaMaven\MavenRepository\org\jboss\logging\jboss-logging\3.3.2.Final\jboss-logging-3.3.2.Final.jar;G:\ideaMaven\MavenRepository\org\springframework\spring-web\5.1.5.RELEASE\spring-web-5.1.5.RELEASE.jar;G:\ideaMaven\MavenRepository\org\springframework\spring-beans\5.1.5.RELEASE\spring-beans-5.1.5.RELEASE.jar;G:\ideaMaven\MavenRepository\org\springframework\spring-webmvc\5.1.5.RELEASE\spring-webmvc-5.1.5.RELEASE.jar;G:\ideaMaven\MavenRepository\org\springframework\spring-context\5.1.5.RELEASE\spring-context-5.1.5.RELEASE.jar;G:\ideaMaven\MavenRepository\org\springframework\spring-expression\5.1.5.RELEASE\spring-expression-5.1.5.RELEASE.jar;G:\ideaMaven\MavenRepository\org\springframework\boot\spring-boot-starter-jdbc\2.1.3.RELEASE\spring-boot-starter-jdbc-2.1.3.RELEASE.jar;G:\ideaMaven\MavenRepository\com\zaxxer\HikariCP\3.2.0\HikariCP-3.2.0.jar;G:\ideaMaven\MavenRepository\org\springframework\spring-jdbc\5.1.5.RELEASE\spring-jdbc-5.1.5.RELEASE.jar;G:\ideaMaven\MavenRepository\org\springframework\spring-tx\5.1.5.RELEASE\spring-tx-5.1.5.RELEASE.jar;G:\ideaMaven\MavenRepository\org\springframework\boot\spring-boot-starter\2.1.3.RELEASE\spring-boot-starter-2.1.3.RELEASE.jar;G:\ideaMaven\MavenRepository\org\springframework\boot\spring-boot\2.1.3.RELEASE\spring-boot-2.1.3.RELEASE.jar;G:\ideaMaven\MavenRepository\org\springframework\boot\spring-boot-autoconfigure\2.1.3.RELEASE\spring-boot-autoconfigure-2.1.3.RELEASE.jar;G:\ideaMaven\MavenRepository\org\springframework\boot\spring-boot-starter-logging\2.1.3.RELEASE\spring-boot-starter-logging-2.1.3.RELEASE.jar;G:\ideaMaven\MavenRepository\ch\qos\logback\logback-classic\1.2.3\logback-classic-1.2.3.jar;G:\ideaMaven\MavenRepository\ch\qos\logback\logback-core\1.2.3\logback-core-1.2.3.jar;G:\ideaMaven\MavenRepository\org\apache\logging\log4j\log4j-to-slf4j\2.11.2\log4j-to-slf4j-2.11.2.jar;G:\ideaMaven\MavenRepository\org\apache\logging\log4j\log4j-api\2.11.2\log4j-api-2.11.2.jar;G:\ideaMaven\MavenRepository\org\slf4j\jul-to-slf4j\1.7.25\jul-to-slf4j-1.7.25.jar;G:\ideaMaven\MavenRepository\javax\annotation\javax.annotation-api\1.3.2\javax.annotation-api-1.3.2.jar;G:\ideaMaven\MavenRepository\org\springframework\spring-core\5.1.5.RELEASE\spring-core-5.1.5.RELEASE.jar;G:\ideaMaven\MavenRepository\org\springframework\spring-jcl\5.1.5.RELEASE\spring-jcl-5.1.5.RELEASE.jar;G:\ideaMaven\MavenRepository\org\yaml\snakeyaml\1.23\snakeyaml-1.23.jar;G:\ideaMaven\MavenRepository\org\springframework\boot\spring-boot-starter-test\2.1.3.RELEASE\spring-boot-starter-test-2.1.3.RELEASE.jar;G:\ideaMaven\MavenRepository\org\springframework\boot\spring-boot-test\2.1.3.RELEASE\spring-boot-test-2.1.3.RELEASE.jar;G:\ideaMaven\MavenRepository\org\springframework\boot\spring-boot-test-autoconfigure\2.1.3.RELEASE\spring-boot-test-autoconfigure-2.1.3.RELEASE.jar;G:\ideaMaven\MavenRepository\com\jayway\jsonpath\json-path\2.4.0\json-path-2.4.0.jar;G:\ideaMaven\MavenRepository\net\minidev\json-smart\2.3\json-smart-2.3.jar;G:\ideaMaven\MavenRepository\net\minidev\accessors-smart\1.2\accessors-smart-1.2.jar;G:\ideaMaven\MavenRepository\org\ow2\asm\asm\5.0.4\asm-5.0.4.jar;G:\ideaMaven\MavenRepository\junit\junit\4.12\junit-4.12.jar;G:\ideaMaven\MavenRepository\org\assertj\assertj-core\3.11.1\assertj-core-3.11.1.jar;G:\ideaMaven\MavenRepository\org\mockito\mockito-core\2.23.4\mockito-core-2.23.4.jar;G:\ideaMaven\MavenRepository\net\bytebuddy\byte-buddy\1.9.10\byte-buddy-1.9.10.jar;G:\ideaMaven\MavenRepository\net\bytebuddy\byte-buddy-agent\1.9.10\byte-buddy-agent-1.9.10.jar;G:\ideaMaven\MavenRepository\org\objenesis\objenesis\2.6\objenesis-2.6.jar;G:\ideaMaven\MavenRepository\org\hamcrest\hamcrest-core\1.3\hamcrest-core-1.3.jar;G:\ideaMaven\MavenRepository\org\hamcrest\hamcrest-library\1.3\hamcrest-library-1.3.jar;G:\ideaMaven\MavenRepository\org\skyscreamer\jsonassert\1.5.0\jsonassert-1.5.0.jar;G:\ideaMaven\MavenRepository\com\vaadin\external\google\android-json\0.0.20131108.vaadin1\android-json-0.0.20131108.vaadin1.jar;G:\ideaMaven\MavenRepository\org\springframework\spring-test\5.1.5.RELEASE\spring-test-5.1.5.RELEASE.jar;G:\ideaMaven\MavenRepository\org\xmlunit\xmlunit-core\2.6.2\xmlunit-core-2.6.2.jar;G:\ideaMaven\MavenRepository\org\springframework\boot\spring-boot-starter-thymeleaf\2.1.3.RELEASE\spring-boot-starter-thymeleaf-2.1.3.RELEASE.jar;G:\ideaMaven\MavenRepository\org\thymeleaf\thymeleaf-spring5\3.0.11.RELEASE\thymeleaf-spring5-3.0.11.RELEASE.jar;G:\ideaMaven\MavenRepository\org\thymeleaf\thymeleaf\3.0.11.RELEASE\thymeleaf-3.0.11.RELEASE.jar;G:\ideaMaven\MavenRepository\org\attoparser\attoparser\2.0.5.RELEASE\attoparser-2.0.5.RELEASE.jar;G:\ideaMaven\MavenRepository\org\unbescape\unbescape\1.1.6.RELEASE\unbescape-1.1.6.RELEASE.jar;G:\ideaMaven\MavenRepository\org\thymeleaf\extras\thymeleaf-extras-java8time\3.0.3.RELEASE\thymeleaf-extras-java8time-3.0.3.RELEASE.jar;G:\ideaMaven\MavenRepository\org\projectlombok\lombok\1.18.6\lombok-1.18.6.jar;G:\ideaMaven\MavenRepository\javax\servlet\javax.servlet-api\4.0.1\javax.servlet-api-4.0.1.jar;G:\ideaMaven\MavenRepository\org\springframework\boot\spring-boot-starter-aop\2.1.3.RELEASE\spring-boot-starter-aop-2.1.3.RELEASE.jar;G:\ideaMaven\MavenRepository\org\springframework\spring-aop\5.1.5.RELEASE\spring-aop-5.1.5.RELEASE.jar;G:\ideaMaven\MavenRepository\org\aspectj\aspectjweaver\1.9.2\aspectjweaver-1.9.2.jar;G:\ideaMaven\MavenRepository\mysql\mysql-connector-java\8.0.15\mysql-connector-java-8.0.15.jar;G:\ideaMaven\MavenRepository\org\mybatis\spring\boot\mybatis-spring-boot-starter\2.1.0\mybatis-spring-boot-starter-2.1.0.jar;G:\ideaMaven\MavenRepository\org\mybatis\spring\boot\mybatis-spring-boot-autoconfigure\2.1.0\mybatis-spring-boot-autoconfigure-2.1.0.jar;G:\ideaMaven\MavenRepository\org\mybatis\mybatis\3.5.2\mybatis-3.5.2.jar;G:\ideaMaven\MavenRepository\org\mybatis\mybatis-spring\2.0.2\mybatis-spring-2.0.2.jar;G:\ideaMaven\MavenRepository\com\baomidou\mybatis-plus-boot-starter\3.2.0\mybatis-plus-boot-starter-3.2.0.jar;G:\ideaMaven\MavenRepository\com\baomidou\mybatis-plus\3.2.0\mybatis-plus-3.2.0.jar;G:\ideaMaven\MavenRepository\com\baomidou\mybatis-plus-extension\3.2.0\mybatis-plus-extension-3.2.0.jar;G:\ideaMaven\MavenRepository\com\baomidou\mybatis-plus-core\3.2.0\mybatis-plus-core-3.2.0.jar;G:\ideaMaven\MavenRepository\com\baomidou\mybatis-plus-annotation\3.2.0\mybatis-plus-annotation-3.2.0.jar;G:\ideaMaven\MavenRepository\com\github\jsqlparser\jsqlparser\2.1\jsqlparser-2.1.jar;G:\ideaMaven\MavenRepository\org\apache\shiro\shiro-spring\1.3.2\shiro-spring-1.3.2.jar;G:\ideaMaven\MavenRepository\org\apache\shiro\shiro-core\1.3.2\shiro-core-1.3.2.jar;G:\ideaMaven\MavenRepository\commons-beanutils\commons-beanutils\1.8.3\commons-beanutils-1.8.3.jar;G:\ideaMaven\MavenRepository\org\apache\shiro\shiro-web\1.3.2\shiro-web-1.3.2.jar;G:\ideaMaven\MavenRepository\org\apache\shiro\shiro-ehcache\1.4.0\shiro-ehcache-1.4.0.jar;G:\ideaMaven\MavenRepository\org\apache\shiro\shiro-cache\1.4.0\shiro-cache-1.4.0.jar;G:\ideaMaven\MavenRepository\org\apache\shiro\shiro-lang\1.4.0\shiro-lang-1.4.0.jar;G:\ideaMaven\MavenRepository\net\sf\ehcache\ehcache-core\2.6.11\ehcache-core-2.6.11.jar;G:\ideaMaven\MavenRepository\org\springframework\spring-aspects\5.0.7.RELEASE\spring-aspects-5.0.7.RELEASE.jar;G:\ideaMaven\MavenRepository\com\alibaba\fastjson\1.2.46\fastjson-1.2.46.jar;G:\ideaMaven\MavenRepository\org\apache\commons\commons-lang3\3.8.1\commons-lang3-3.8.1.jar;G:\ideaMaven\MavenRepository\commons-fileupload\commons-fileupload\1.3.3\commons-fileupload-1.3.3.jar;G:\ideaMaven\MavenRepository\commons-io\commons-io\2.2\commons-io-2.2.jar;G:\ideaMaven\MavenRepository\org\jsoup\jsoup\1.12.1\jsoup-1.12.1.jar;G:\ideaMaven\MavenRepository\org\apache\poi\poi\3.17\poi-3.17.jar;G:\ideaMaven\MavenRepository\commons-codec\commons-codec\1.11\commons-codec-1.11.jar;G:\ideaMaven\MavenRepository\org\apache\commons\commons-collections4\4.1\commons-collections4-4.1.jar;G:\ideaMaven\MavenRepository\org\apache\poi\poi-ooxml-schemas\3.17\poi-ooxml-schemas-3.17.jar;G:\ideaMaven\MavenRepository\org\apache\xmlbeans\xmlbeans\2.6.0\xmlbeans-2.6.0.jar;G:\ideaMaven\MavenRepository\stax\stax-api\1.0.1\stax-api-1.0.1.jar;G:\ideaMaven\MavenRepository\org\apache\poi\poi-ooxml\3.17\poi-ooxml-3.17.jar;G:\ideaMaven\MavenRepository\com\github\virtuald\curvesapi\1.04\curvesapi-1.04.jar;G:\ideaMaven\MavenRepository\cn\hutool\hutool-all\4.6.3\hutool-all-4.6.3.jar;G:\ideaMaven\MavenRepository\io\springfox\springfox-swagger2\2.9.2\springfox-swagger2-2.9.2.jar;G:\ideaMaven\MavenRepository\io\springfox\springfox-spi\2.9.2\springfox-spi-2.9.2.jar;G:\ideaMaven\MavenRepository\io\springfox\springfox-core\2.9.2\springfox-core-2.9.2.jar;G:\ideaMaven\MavenRepository\io\springfox\springfox-schema\2.9.2\springfox-schema-2.9.2.jar;G:\ideaMaven\MavenRepository\io\springfox\springfox-swagger-common\2.9.2\springfox-swagger-common-2.9.2.jar;G:\ideaMaven\MavenRepository\io\springfox\springfox-spring-web\2.9.2\springfox-spring-web-2.9.2.jar;G:\ideaMaven\MavenRepository\com\google\guava\guava\20.0\guava-20.0.jar;G:\ideaMaven\MavenRepository\com\fasterxml\classmate\1.4.0\classmate-1.4.0.jar;G:\ideaMaven\MavenRepository\org\slf4j\slf4j-api\1.7.25\slf4j-api-1.7.25.jar;G:\ideaMaven\MavenRepository\org\springframework\plugin\spring-plugin-core\1.2.0.RELEASE\spring-plugin-core-1.2.0.RELEASE.jar;G:\ideaMaven\MavenRepository\org\springframework\plugin\spring-plugin-metadata\1.2.0.RELEASE\spring-plugin-metadata-1.2.0.RELEASE.jar;G:\ideaMaven\MavenRepository\org\mapstruct\mapstruct\1.2.0.Final\mapstruct-1.2.0.Final.jar;G:\ideaMaven\MavenRepository\io\springfox\springfox-swagger-ui\2.9.2\springfox-swagger-ui-2.9.2.jar;G:\ideaMaven\MavenRepository\io\swagger\swagger-annotations\1.5.21\swagger-annotations-1.5.21.jar;G:\ideaMaven\MavenRepository\io\swagger\swagger-models\1.5.21\swagger-models-1.5.21.jar;G:\ideaMaven\MavenRepository\com\fasterxml\jackson\core\jackson-annotations\2.9.0\jackson-annotations-2.9.0.jar;G:\ideaMaven\MavenRepository\com\qiniu\qiniu-java-sdk\7.2.17\qiniu-java-sdk-7.2.17.jar;G:\ideaMaven\MavenRepository\com\squareup\okhttp3\okhttp\3.9.1\okhttp-3.9.1.jar;G:\ideaMaven\MavenRepository\com\squareup\okio\okio\1.13.0\okio-1.13.0.jar;G:\ideaMaven\MavenRepository\com\google\code\gson\gson\2.8.5\gson-2.8.5.jar;G:\ideaMaven\MavenRepository\org\lionsoul\ip2region\1.7.2\ip2region-1.7.2.jar;G:\ideaMaven\MavenRepository\eu\bitwalker\UserAgentUtils\1.21\UserAgentUtils-1.21.jar;G:\ideaMaven\MavenRepository\org\springframework\boot\spring-boot-devtools\2.1.3.RELEASE\spring-boot-devtools-2.1.3.RELEASE.jar;"/>
    <property name="sun.cpu.endian" value="little"/>
    <property name="user.home" value="C:\Users\Lxl"/>
    <property name="user.language" value="zh"/>
    <property name="java.specification.vendor" value="Oracle Corporation"/>
    <property name="java.home" value="G:\Java\jdk1.8.0_60\jre"/>
    <property name="basedir" value="F:\IdeaProjects\blog"/>
    <property name="file.separator" value="\"/>
    <property name="line.separator" value="&#10;"/>
    <property name="java.vm.specification.vendor" value="Oracle Corporation"/>
    <property name="java.specification.name" value="Java Platform API Specification"/>
    <property name="java.awt.graphicsenv" value="sun.awt.Win32GraphicsEnvironment"/>
    <property name="idea.version2020.1.1" value="true"/>
    <property name="surefire.real.class.path" value="C:\Users\Lxl\AppData\Local\Temp\surefire7059298156486138741\surefirebooter5752628558661936259.jar"/>
    <property name="sun.boot.class.path" value="G:\Java\jdk1.8.0_60\jre\lib\resources.jar;G:\Java\jdk1.8.0_60\jre\lib\rt.jar;G:\Java\jdk1.8.0_60\jre\lib\sunrsasign.jar;G:\Java\jdk1.8.0_60\jre\lib\jsse.jar;G:\Java\jdk1.8.0_60\jre\lib\jce.jar;G:\Java\jdk1.8.0_60\jre\lib\charsets.jar;G:\Java\jdk1.8.0_60\jre\lib\jfr.jar;G:\Java\jdk1.8.0_60\jre\classes"/>
    <property name="user.script" value=""/>
    <property name="sun.management.compiler" value="HotSpot 64-Bit Tiered Compilers"/>
    <property name="java.runtime.version" value="1.8.0_60-b27"/>
    <property name="user.name" value="lxl"/>
    <property name="path.separator" value=";"/>
    <property name="os.version" value="10.0"/>
    <property name="java.endorsed.dirs" value="G:\Java\jdk1.8.0_60\jre\lib\endorsed"/>
    <property name="java.runtime.name" value="Java(TM) SE Runtime Environment"/>
    <property name="file.encoding" value="GBK"/>
    <property name="java.vm.name" value="Java HotSpot(TM) 64-Bit Server VM"/>
    <property name="localRepository" value="G:\ideaMaven\MavenRepository"/>
    <property name="java.vendor.url.bug" value="http://bugreport.sun.com/bugreport/"/>
    <property name="java.io.tmpdir" value="C:\Users\Lxl\AppData\Local\Temp\"/>
    <property name="java.version" value="1.8.0_60"/>
    <property name="user.dir" value="F:\IdeaProjects\blog"/>
    <property name="os.arch" value="amd64"/>
    <property name="java.vm.specification.name" value="Java Virtual Machine Specification"/>
    <property name="java.awt.printerjob" value="sun.awt.windows.WPrinterJob"/>
    <property name="sun.os.patch.level" value=""/>
    <property name="java.library.path" value="G:\Java\jdk1.8.0_60\jre\bin;C:\WINDOWS\Sun\Java\bin;C:\WINDOWS\system32;C:\WINDOWS;G:\Xftp 6\;G:\Xshell 6\;C:\ProgramData\Oracle\Java\javapath;C:\Program Files (x86)\Intel\iCLS Client\;C:\Program Files\Intel\iCLS Client\;C:\Windows\system32;C:\Windows;C:\Windows\System32\Wbem;C:\Windows\System32\WindowsPowerShell\v1.0\;C:\Program Files (x86)\NVIDIA Corporation\PhysX\Common;C:\Program Files (x86)\Intel\Intel(R) Management Engine Components\DAL;C:\Program Files\Intel\Intel(R) Management Engine Components\DAL;C:\Program Files (x86)\Intel\Intel(R) Management Engine Components\IPT;C:\Program Files\Intel\Intel(R) Management Engine Components\IPT;C:\Program Files\Intel\WiFi\bin\;C:\Program Files\Common Files\Intel\WirelessCommon\;C:\WINDOWS\system32;C:\WINDOWS;C:\WINDOWS\System32\Wbem;C:\WINDOWS\System32\WindowsPowerShell\v1.0\;C:\WINDOWS\System32\OpenSSH\;C:\Program Files (x86)\Windows Kits\8.1\Windows Performance Toolkit\;G:\Java\jdk1.8.0_60\bin;C:\Users\Lxl\AppData\Local\Programs\Python\Python36\;C:\Users\Lxl\AppData\Local\Programs\Python\Python36\Scripts\;C:\Program Files\MySQL\MySQL Server 5.5\bin;G:\ideaMaven\apache-maven-3.6.3\bin;G:\nodejs\;C:\Users\Lxl\AppData\Local\Microsoft\WindowsApps;G:\OCR\Tesseract-OCR;C:\Users\Lxl\AppData\Local\Programs\Python\Python36\;C:\Users\Lxl\AppData\Local\Programs\Python\Python36\Scripts\;C:\Users\Lxl\AppData\Roaming\npm;G:\pycharm2020\PyCharm 2020.1.2\bin;;."/>
    <property name="java.vm.info" value="mixed mode"/>
    <property name="java.vendor" value="Oracle Corporation"/>
    <property name="java.vm.version" value="25.60-b23"/>
    <property name="java.ext.dirs" value="G:\Java\jdk1.8.0_60\jre\lib\ext;C:\WINDOWS\Sun\Java\lib\ext"/>
    <property name="sun.io.unicode.encoding" value="UnicodeLittle"/>
    <property name="maven.repo.local" value="G:\ideaMaven\MavenRepository"/>
    <property name="java.class.version" value="52.0"/>
  </properties>
  <testcase name="encryptPassword" classname="com.njupt.admin.dto.PasswordHelperTest" time="0.453"/>
</testsuite>